<?xml version="1.0" encoding="UTF-8"?>
<!-- Generated by org.testng.reporters.JUnitReportReporter -->
<testsuite hostname="DESKTOP-AUK85PN" failures="0" tests="1" name="com.selenium.DAY7_1" time="11.196" errors="0" timestamp="2023-06-03T12:24:57 IST" skipped="0">
  <testcase classname="com.selenium.DAY7_1" name="verifyTitle" time="11.196"/>
  <system-out/>
</testsuite> <!-- com.selenium.DAY7_1 -->
